<?xml version="1.0" encoding="UTF-8"?>
<testsuite xmlns:xsi="http://www.w3.org/2001/XMLSchema-instance" xsi:noNamespaceSchemaLocation="https://maven.apache.org/surefire/maven-surefire-plugin/xsd/surefire-test-report-3.0.xsd" version="3.0" name="org.tree_tester.model.concrete.Tree.AVLTreeTest" time="0.071" tests="25" errors="0" skipped="0" failures="0">
  <properties>
[...]
</properties>
  <testcase name="testHeightCalculation" classname="org.tree_tester.model.concrete.Tree.AVLTreeTest" time="0.002"/>
  <testcase name="testLeftRightRotation" classname="org.tree_tester.model.concrete.Tree.AVLTreeTest" time="0.001"/>
  <testcase name="testAlwaysBalanced" classname="org.tree_tester.model.concrete.Tree.AVLTreeTest" time="0.001"/>
  <testcase name="testMultipleElementsInsertionBalance" classname="org.tree_tester.model.concrete.Tree.AVLTreeTest" time="0.001"/>
  <testcase name="testGetTreeType" classname="org.tree_tester.model.concrete.Tree.AVLTreeTest" time="0.004"/>
  <testcase name="testStressTest" classname="org.tree_tester.model.concrete.Tree.AVLTreeTest" time="0.02"/>
  <testcase name="testClear" classname="org.tree_tester.model.concrete.Tree.AVLTreeTest" time="0.001"/>
  <testcase name="testLeftRotation" classname="org.tree_tester.model.concrete.Tree.AVLTreeTest" time="0.001"/>
  <testcase name="testSequentialInsertionBalance" classname="org.tree_tester.model.concrete.Tree.AVLTreeTest" time="0.001"/>
  <testcase name="testFindMinMax" classname="org.tree_tester.model.concrete.Tree.AVLTreeTest" time="0.001"/>
  <testcase name="testDeletionOfRoot" classname="org.tree_tester.model.concrete.Tree.AVLTreeTest" time="0.001"/>
  <testcase name="testDuplicateInsertion" classname="org.tree_tester.model.concrete.Tree.AVLTreeTest" time="0.001"/>
  <testcase name="testEmptyTreeCreation" classname="org.tree_tester.model.concrete.Tree.AVLTreeTest" time="0.001"/>
  <testcase name="testTraversals" classname="org.tree_tester.model.concrete.Tree.AVLTreeTest" time="0"/>
  <testcase name="testSingleElementInsertion" classname="org.tree_tester.model.concrete.Tree.AVLTreeTest" time="0.001"/>
  <testcase name="testDeletionNonExisting" classname="org.tree_tester.model.concrete.Tree.AVLTreeTest" time="0.001"/>
  <testcase name="testRightRotation" classname="org.tree_tester.model.concrete.Tree.AVLTreeTest" time="0.001"/>
  <testcase name="testWithStringElements" classname="org.tree_tester.model.concrete.Tree.AVLTreeTest" time="0.001"/>
  <testcase name="testCountLeaves" classname="org.tree_tester.model.concrete.Tree.AVLTreeTest" time="0.001"/>
  <testcase name="testPerfectBinaryTreeSizes(int)[1]" classname="org.tree_tester.model.concrete.Tree.AVLTreeTest" time="0.002"/>
  <testcase name="testPerfectBinaryTreeSizes(int)[2]" classname="org.tree_tester.model.concrete.Tree.AVLTreeTest" time="0.001"/>
  <testcase name="testPerfectBinaryTreeSizes(int)[3]" classname="org.tree_tester.model.concrete.Tree.AVLTreeTest" time="0.001"/>
  <testcase name="testPerfectBinaryTreeSizes(int)[4]" classname="org.tree_tester.model.concrete.Tree.AVLTreeTest" time="0"/>
  <testcase name="testDeletionMaintainsBalance" classname="org.tree_tester.model.concrete.Tree.AVLTreeTest" time="0.001"/>
  <testcase name="testRightLeftRotation" classname="org.tree_tester.model.concrete.Tree.AVLTreeTest" time="0.002"/>
</testsuite>